[21:23:00] [main/WARN]: Ambiguity between arguments [teleport, destination] and [teleport, targets] with inputs: [Player, 0123, @e, dd12be42-52a9-4a91-a8a1-11c01849e498]
[21:23:00] [main/WARN]: Ambiguity between arguments [teleport, location] and [teleport, destination] with inputs: [0.1 -0.5 .9, 0 0 0]
[21:23:00] [main/WARN]: Ambiguity between arguments [teleport, location] and [teleport, targets] with inputs: [0.1 -0.5 .9, 0 0 0]
[21:23:00] [main/WARN]: Ambiguity between arguments [teleport, targets] and [teleport, destination] with inputs: [Player, 0123, dd12be42-52a9-4a91-a8a1-11c01849e498]
[21:23:00] [main/WARN]: Ambiguity between arguments [teleport, targets, location] and [teleport, targets, destination] with inputs: [0.1 -0.5 .9, 0 0 0]
[21:23:00] [Server thread/INFO]: Starting minecraft server version 1.15.2
[21:23:00] [Server thread/INFO]: Loading properties
[21:23:00] [Server thread/INFO]: Default game type: SURVIVAL
[21:23:00] [Server thread/INFO]: Generating keypair
[21:23:01] [Server thread/INFO]: Starting Minecraft server on *:25565
[21:23:01] [Server thread/INFO]: Using default channel type
[21:23:02] [Server thread/WARN]: **** SERVER IS RUNNING IN OFFLINE/INSECURE MODE!
[21:23:02] [Server thread/WARN]: The server will make no attempt to authenticate usernames. Beware.
[21:23:02] [Server thread/WARN]: While this makes the game possible to play without internet access, it also opens up the ability for hackers to connect with any username they choose.
[21:23:02] [Server thread/WARN]: To change this, set "online-mode" to "true" in the server.properties file.
[21:23:02] [Server thread/INFO]: Preparing level "world"
[21:23:02] [Server thread/INFO]: Reloading ResourceManager: Default
[21:23:02] [Server thread/INFO]: Loaded 6 recipes
[21:23:03] [Server thread/INFO]: Loaded 825 advancements
[21:23:03] [Server thread/INFO]: Preparing start region for dimension minecraft:overworld
[21:23:05] [Server thread/INFO]: Preparing spawn area: 0%
[21:23:05] [Server thread/INFO]: Preparing spawn area: 0%
[21:23:05] [Server thread/INFO]: Preparing spawn area: 0%
[21:23:05] [Server thread/INFO]: Preparing spawn area: 0%
[21:23:11] [Server-Worker-6/INFO]: Preparing spawn area: 0%
[21:23:11] [Server-Worker-4/INFO]: Preparing spawn area: 0%
[21:23:11] [Server-Worker-2/INFO]: Preparing spawn area: 0%
[21:23:11] [Server-Worker-4/INFO]: Preparing spawn area: 0%
[21:23:11] [Server-Worker-5/INFO]: Preparing spawn area: 0%
[21:23:11] [Server-Worker-6/INFO]: Preparing spawn area: 0%
[21:23:11] [Server-Worker-2/INFO]: Preparing spawn area: 0%
[21:23:11] [Server-Worker-5/INFO]: Preparing spawn area: 0%
[21:23:11] [Server-Worker-2/INFO]: Preparing spawn area: 0%
[21:23:11] [Server-Worker-3/INFO]: Preparing spawn area: 0%
[21:23:11] [Server-Worker-5/INFO]: Preparing spawn area: 0%
[21:23:11] [Server-Worker-5/INFO]: Preparing spawn area: 0%
[21:23:11] [Server thread/INFO]: Time elapsed: 7857 ms
[21:23:11] [Server thread/INFO]: Done (9.675s)! For help, type "help"
[21:23:36] [Server thread/INFO]: Бобышка[/25.80.240.230:49518] logged in with entity id 86 at (-334.50009835129936, 69.0, -72.06201761939954)
[21:23:36] [Server thread/INFO]: Бобышка joined the game
[21:24:09] [Server thread/INFO]: JJJAJAK[/25.74.48.28:50207] logged in with entity id 1255 at (-97.3710431372851, 51.0, 393.0212753402469)
[21:24:09] [Server thread/INFO]: JJJAJAK joined the game
[21:24:09] [Server thread/INFO]: RadikAhuennyj[/25.80.205.251:63882] logged in with entity id 1273 at (-98.46366479137392, 51.0, 394.64589249506344)
[21:24:09] [Server thread/INFO]: RadikAhuennyj joined the game
[21:24:13] [Server thread/WARN]: Can't keep up! Is the server overloaded? Running 2018ms or 40 ticks behind
[21:24:36] [Server thread/WARN]: Can't keep up! Is the server overloaded? Running 7543ms or 150 ticks behind
[21:24:58] [Server thread/WARN]: Can't keep up! Is the server overloaded? Running 7842ms or 156 ticks behind
[21:25:10] [Server thread/INFO]: JJJAJAK lost connection: Timed out
[21:25:10] [Server thread/INFO]: JJJAJAK left the game
[21:25:16] [Server thread/WARN]: Can't keep up! Is the server overloaded? Running 2121ms or 42 ticks behind
[21:25:19] [Server thread/INFO]: JJJAJAK[/25.74.48.28:50253] logged in with entity id 1638 at (-98.25609453702955, 51.0, 393.1510636592365)
[21:25:19] [Server thread/INFO]: JJJAJAK joined the game
[21:25:36] [Server thread/WARN]: Can't keep up! Is the server overloaded? Running 5574ms or 111 ticks behind
[21:25:39] [Server thread/INFO]: JJJAJAK lost connection: Disconnected
[21:25:39] [Server thread/INFO]: JJJAJAK left the game
[21:26:11] [Server thread/WARN]: Can't keep up! Is the server overloaded? Running 2001ms or 40 ticks behind
[21:26:12] [Server thread/INFO]: JJJAJAK[/25.74.48.28:50298] logged in with entity id 1874 at (-98.25609453702955, 51.0, 393.1510636592365)
[21:26:12] [Server thread/INFO]: JJJAJAK joined the game
[21:26:27] [Server thread/INFO]: JJJAJAK lost connection: Disconnected
[21:26:27] [Server thread/INFO]: JJJAJAK left the game
[21:26:31] [Server thread/WARN]: Can't keep up! Is the server overloaded? Running 4167ms or 83 ticks behind
[21:27:09] [Server thread/WARN]: Can't keep up! Is the server overloaded? Running 2020ms or 40 ticks behind
[21:27:27] [Server thread/WARN]: Can't keep up! Is the server overloaded? Running 2585ms or 51 ticks behind
[21:27:38] [Server thread/INFO]: Бобышка lost connection: Disconnected
[21:27:38] [Server thread/INFO]: Бобышка left the game
[21:27:38] [Server thread/INFO]: RadikAhuennyj lost connection: Disconnected
[21:27:38] [Server thread/INFO]: RadikAhuennyj left the game
[21:27:49] [Server thread/WARN]: Can't keep up! Is the server overloaded? Running 7579ms or 151 ticks behind
