[00:05:49] [Server thread/WARN]: Fetching packet for removed entity awb['Air'/20798, l='world', x=-318.31, y=64.00, z=-57.17]
[00:05:49] [Server thread/WARN]: Fetching packet for removed entity awb['Air'/20798, l='world', x=-318.31, y=64.00, z=-57.17]
[00:05:49] [Server thread/WARN]: Fetching packet for removed entity awb['Air'/20798, l='world', x=-318.31, y=64.00, z=-57.17]
[00:12:57] [Server thread/WARN]: Fetching packet for removed entity awb['Air'/21776, l='world', x=-322.14, y=64.00, z=-55.72]
[00:12:57] [Server thread/WARN]: Fetching packet for removed entity awb['Air'/21776, l='world', x=-322.14, y=64.00, z=-55.72]
[00:12:57] [Server thread/WARN]: Fetching packet for removed entity awb['Air'/21776, l='world', x=-322.14, y=64.00, z=-55.72]
[00:18:50] [Server thread/INFO]: RadikAhuennyj was slain by Zombie
[00:23:44] [Server thread/WARN]: Fetching packet for removed entity awb['Air'/23286, l='world', x=-324.04, y=64.00, z=-56.88]
[00:23:44] [Server thread/WARN]: Fetching packet for removed entity awb['Air'/23286, l='world', x=-324.04, y=64.00, z=-56.88]
[00:30:18] [Server thread/WARN]: Fetching packet for removed entity awb['Air'/24343, l='world', x=-317.31, y=64.00, z=-56.25]
[00:30:18] [Server thread/WARN]: Fetching packet for removed entity awb['Air'/24343, l='world', x=-317.31, y=64.00, z=-56.25]
[00:30:18] [Server thread/WARN]: Fetching packet for removed entity awb['Air'/24343, l='world', x=-317.31, y=64.00, z=-56.25]
[00:33:00] [Server thread/INFO]: JJJAJAK lost connection: Disconnected
[00:33:00] [Server thread/INFO]: JJJAJAK left the game
[00:34:38] [Server thread/INFO]: JJJAJAK[/25.74.48.28:64871] logged in with entity id 25007 at (-320.30000001192093, 65.0, -39.27405828804034)
[00:34:38] [Server thread/INFO]: JJJAJAK joined the game
[00:34:50] [Server thread/WARN]: Can't keep up! Is the server overloaded? Running 11952ms or 239 ticks behind
[00:34:50] [Server thread/WARN]: Бобышка moved too quickly! 6.019638343177519,0.7531999805212024,8.06251342113601
[00:41:36] [Server thread/WARN]: Fetching packet for removed entity awb['Air'/25911, l='world', x=-323.27, y=64.00, z=-55.23]
[00:41:36] [Server thread/WARN]: Fetching packet for removed entity awb['Air'/25911, l='world', x=-323.27, y=64.00, z=-55.23]
[00:41:36] [Server thread/WARN]: Fetching packet for removed entity awb['Air'/25911, l='world', x=-323.27, y=64.00, z=-55.23]
[00:42:14] [Server thread/INFO]: <JJJAJAK> ЯЯяя
[00:42:15] [Server thread/INFO]: <JJJAJAK> Zzzz
[00:44:53] [Server thread/WARN]: Mismatch in destroy block pos: fk{x=-292, y=101, z=206} fk{x=-291, y=101, z=206}
[00:48:32] [Server thread/WARN]: Can't keep up! Is the server overloaded? Running 2036ms or 40 ticks behind
[00:52:17] [Server thread/WARN]: Fetching packet for removed entity awb['Air'/29132, l='world', x=-325.17, y=64.00, z=-55.79]
[00:52:17] [Server thread/WARN]: Fetching packet for removed entity awb['Air'/29132, l='world', x=-325.17, y=64.00, z=-55.79]
[00:54:20] [Server thread/INFO]: JJJAJAK was shot by Skeleton
[00:55:39] [Server thread/INFO]: JJJAJAK lost connection: Disconnected
[00:55:39] [Server thread/INFO]: JJJAJAK left the game
[00:55:48] [Server thread/INFO]: JJJAJAK[/25.74.48.28:65077] logged in with entity id 30143 at (-418.8337910925316, 83.0, 92.26588377703987)
[00:55:48] [Server thread/INFO]: JJJAJAK joined the game
[00:57:28] [Server thread/WARN]: Fetching packet for removed entity awb['Air'/30964, l='world', x=-324.19, y=64.00, z=-51.83]
[00:57:28] [Server thread/WARN]: Fetching packet for removed entity awb['Air'/30964, l='world', x=-324.19, y=64.00, z=-51.83]
[01:04:15] [Server thread/WARN]: Fetching packet for removed entity awb['Air'/34028, l='world', x=-318.33, y=64.00, z=-56.76]
[01:04:15] [Server thread/WARN]: Fetching packet for removed entity awb['Air'/34028, l='world', x=-318.33, y=64.00, z=-56.76]
[01:04:59] [Server thread/WARN]: Fetching packet for removed entity awb['Air'/34306, l='world', x=-317.33, y=64.00, z=-53.08]
[01:04:59] [Server thread/WARN]: Fetching packet for removed entity awb['Air'/34306, l='world', x=-317.33, y=64.00, z=-53.08]
[01:05:13] [Server thread/WARN]: Fetching packet for removed entity awb['Air'/34356, l='world', x=-323.41, y=64.00, z=-56.72]
[01:05:13] [Server thread/WARN]: Fetching packet for removed entity awb['Air'/34356, l='world', x=-323.41, y=64.00, z=-56.72]
[01:13:17] [Server thread/INFO]: Villager axw['Shepherd'/32433, l='world', x=-527.70, y=73.00, z=748.50] died, message: 'Shepherd was slain by Zombie'
[01:17:17] [Server thread/INFO]: JJJAJAK has made the advancement [Best Friends Forever]
[01:25:39] [Server thread/WARN]: Fetching packet for removed entity awb['Air'/40947, l='world', x=-321.96, y=64.00, z=-57.01]
[01:34:47] [Server thread/INFO]: <JJJAJAK> яяя
[01:34:51] [Server thread/INFO]: Бобышка lost connection: Disconnected
[01:34:51] [Server thread/INFO]: Бобышка left the game
[01:34:52] [Server thread/INFO]: RadikAhuennyj lost connection: Disconnected
[01:34:52] [Server thread/INFO]: RadikAhuennyj left the game
[01:35:00] [Server thread/INFO]: Бобышка[/25.80.240.230:58397] logged in with entity id 42932 at (-288.19982762035096, 32.0, 13.522382440292311)
[01:35:00] [Server thread/INFO]: Бобышка joined the game
[01:35:16] [Server thread/INFO]: RadikAhuennyj[/127.0.0.1:51422] logged in with entity id 43000 at (-285.3895622277995, 33.0, 15.55769436951401)
[01:35:16] [Server thread/INFO]: RadikAhuennyj joined the game
[01:45:49] [Server thread/INFO]: RadikAhuennyj was shot by Skeleton
[02:02:01] [Server thread/INFO]: RadikAhuennyj was shot by Skeleton
[02:10:15] [Server thread/INFO]: RadikAhuennyj was shot by Skeleton
[02:10:55] [Server thread/WARN]: Fetching packet for removed entity awb['Air'/50568, l='world', x=-324.74, y=64.00, z=-56.72]
[02:11:01] [Server thread/INFO]: RadikAhuennyj has made the advancement [Suit Up]
[02:14:08] [Server thread/WARN]: Can't keep up! Is the server overloaded? Running 6838ms or 136 ticks behind
[02:14:08] [Server thread/WARN]: Бобышка moved wrongly!
[02:24:43] [Server thread/WARN]: Fetching packet for removed entity awb['Air'/54520, l='world', x=-322.59, y=64.00, z=-56.12]
[02:26:48] [Server thread/WARN]: Fetching packet for removed entity awb['Air'/55075, l='world', x=-325.17, y=64.00, z=-56.16]
[02:27:55] [Server thread/INFO]: Teleported JJJAJAK to RadikAhuennyj
[02:29:53] [Server thread/WARN]: Fetching packet for removed entity awb['Air'/55749, l='world', x=-324.21, y=64.00, z=-56.12]
[02:29:53] [Server thread/WARN]: Fetching packet for removed entity awb['Air'/55749, l='world', x=-324.21, y=64.00, z=-56.12]
[02:31:43] [Server thread/WARN]: Fetching packet for removed entity awb['Cobblestone'/56184, l='world', x=-286.58, y=32.16, z=109.36]
[02:42:30] [Server thread/WARN]: Fetching packet for removed entity awb['Air'/58641, l='world', x=-325.17, y=64.00, z=-55.03]
[02:49:10] [Server thread/WARN]: Fetching packet for removed entity awb['Air'/60214, l='world', x=-322.23, y=64.00, z=-52.45]
[02:59:06] [Server thread/WARN]: Fetching packet for removed entity awb['Air'/62420, l='world', x=-324.29, y=64.00, z=-56.73]
[03:02:44] [Server thread/INFO]: Бобышка lost connection: Disconnected
[03:02:44] [Server thread/INFO]: Бобышка left the game
[03:03:56] [Server thread/INFO]: RadikAhuennyj lost connection: Disconnected
[03:03:56] [Server thread/INFO]: RadikAhuennyj left the game
[03:03:56] [Server thread/WARN]: Can't keep up! Is the server overloaded? Running 8834ms or 176 ticks behind
[03:04:50] [Server thread/INFO]: RadikAhuennyj[/127.0.0.1:51581] logged in with entity id 63497 at (-307.5401470230574, 33.0, 177.6350092685116)
[03:04:50] [Server thread/INFO]: RadikAhuennyj joined the game
[03:07:34] [Server thread/INFO]: Бобышка[/25.80.240.230:61326] logged in with entity id 64131 at (-309.09465257145695, 33.0, 173.8862337060202)
[03:07:34] [Server thread/INFO]: Бобышка joined the game
[03:10:18] [Server thread/WARN]: Fetching packet for removed entity awb['Air'/64740, l='world', x=-324.27, y=64.00, z=-56.66]
[03:10:33] [Server thread/INFO]: Бобышка lost connection: Disconnected
[03:10:33] [Server thread/INFO]: Бобышка left the game
[03:11:07] [Server thread/WARN]: Fetching packet for removed entity awb['Air'/64915, l='world', x=-319.66, y=64.00, z=-57.17]
[03:12:03] [Server thread/INFO]: RadikAhuennyj lost connection: Disconnected
[03:12:03] [Server thread/INFO]: RadikAhuennyj left the game
[03:16:45] [Server thread/INFO]: JJJAJAK lost connection: Disconnected
[03:16:45] [Server thread/INFO]: JJJAJAK left the game
[03:16:56] [Server thread/INFO]: Stopping server
[03:16:56] [Server thread/INFO]: Saving players
[03:16:56] [Server thread/INFO]: Saving worlds
[03:16:56] [Server thread/INFO]: Saving chunks for level 'world'/minecraft:the_nether
[03:16:56] [Server thread/INFO]: ThreadedAnvilChunkStorage (DIM-1): All chunks are saved
[03:16:56] [Server thread/INFO]: Saving chunks for level 'world'/minecraft:the_end
[03:16:56] [Server thread/INFO]: ThreadedAnvilChunkStorage (DIM1): All chunks are saved
[03:16:56] [Server thread/INFO]: Saving chunks for level 'world'/minecraft:overworld
[03:16:57] [Server thread/INFO]: ThreadedAnvilChunkStorage (world): All chunks are saved
[03:16:57] [Server thread/INFO]: ThreadedAnvilChunkStorage (DIM-1): All chunks are saved
[03:16:57] [Server thread/INFO]: ThreadedAnvilChunkStorage (DIM1): All chunks are saved
[03:16:57] [Server thread/INFO]: ThreadedAnvilChunkStorage (world): All chunks are saved
